<?xml version="1.0" encoding="UTF-8"?>
<!-- Generated by org.testng.reporters.JUnitReportReporter -->
<testsuite hostname="DESKTOP-H2J9PSJ" failures="0" tests="1" name="demo.sampleTest" time="0.021" errors="0" timestamp="2024-06-03T21:20:27 IST" skipped="0">
  <testcase classname="demo.sampleTest" name="test" time="0.021"/>
  <system-out>
    <![CDATA[sample test class executed]]>
  </system-out>
</testsuite> <!-- demo.sampleTest -->
