<?xml version="1.0" encoding="UTF-8"?>
<!-- Generated by org.testng.reporters.JUnitReportReporter -->
<testsuite hostname="DESKTOP-H2J9PSJ" failures="0" tests="1" name="extentreports.ToLearnExtentReports" time="0.606" errors="0" timestamp="2024-06-04T09:21:53 IST" skipped="0">
  <testcase classname="extentreports.ToLearnExtentReports" name="report" time="0.606"/>
  <system-out/>
</testsuite> <!-- extentreports.ToLearnExtentReports -->
