<?xml version="1.0" encoding="UTF-8"?>
<!-- Generated by org.testng.reporters.JUnitReportReporter -->
<testsuite hostname="DESKTOP-H2J9PSJ" failures="0" tests="1" name="demo.sample" time="0.025" errors="0" timestamp="2024-06-03T21:20:09 IST" skipped="0">
  <testcase classname="demo.sample" name="test" time="0.025"/>
  <system-out>
    <![CDATA[sample class executed]]>
  </system-out>
</testsuite> <!-- demo.sample -->
